{"level":"INFO","time":"2024-12-07T17:51:26.101Z","pid":15740,"hostname":"DESKTOP-21V6PGQ","service":"articles","msg":"createArticle: New Article with title {Advancements in AI} created successfully"}
{"level":"INFO","time":"2024-12-07T17:55:00.748Z","pid":15740,"hostname":"DESKTOP-21V6PGQ","service":"articles","msg":"updateArticle: Article {6353370a-aa22-45a2-950c-64e2d23a6d62} updated successfully by {5151}."}
{"level":"INFO","time":"2024-12-07T17:55:21.228Z","pid":15740,"hostname":"DESKTOP-21V6PGQ","service":"articles","msg":"updateArticle: Article {6353370a-aa22-45a2-950c-64e2d23a6d62} updated successfully by {5151}."}
{"level":"INFO","time":"2024-12-07T17:56:32.890Z","pid":15368,"hostname":"DESKTOP-21V6PGQ","service":"articles","msg":"updateArticle: Article {6353370a-aa22-45a2-950c-64e2d23a6d62} updated successfully by {5151}."}
{"level":"INFO","time":"2024-12-07T17:57:15.385Z","pid":11504,"hostname":"DESKTOP-21V6PGQ","service":"articles","msg":"updateArticle: Article {6353370a-aa22-45a2-950c-64e2d23a6d62} updated successfully by {5151}."}
{"level":"INFO","time":"2024-12-07T18:39:31.108Z","pid":14504,"hostname":"DESKTOP-21V6PGQ","service":"articles","msg":"deleteArticle: Article {6353370a-aa22-45a2-950c-64e2d23a6d62} deleted successfully by {5151}."}
{"level":"INFO","time":"2024-12-07T18:44:59.988Z","pid":14504,"hostname":"DESKTOP-21V6PGQ","service":"articles","msg":"createArticle: New Article with title {Advancements in AI} created successfully"}
{"level":"INFO","time":"2024-12-07T18:47:00.242Z","pid":14504,"hostname":"DESKTOP-21V6PGQ","service":"articles","msg":"updateArticle: Article {5eb4d93a-a0b3-4f1e-94bf-a52d6ae0f92a} updated successfully by {5151}."}
{"level":"INFO","time":"2024-12-07T18:47:51.773Z","pid":14504,"hostname":"DESKTOP-21V6PGQ","service":"articles","msg":"deleteArticle: Article {5eb4d93a-a0b3-4f1e-94bf-a52d6ae0f92a} deleted successfully by {5151}."}
{"level":"INFO","time":"2024-12-07T18:53:29.084Z","pid":15192,"hostname":"DESKTOP-21V6PGQ","service":"articles","msg":"createArticle: New Article with title {Advancements in AI} created successfully"}
{"level":"INFO","time":"2024-12-07T19:02:31.718Z","pid":18872,"hostname":"DESKTOP-21V6PGQ","service":"articles","msg":"deleteArticle: Article {448987df-3788-47e4-8805-258e552fdde1} deleted successfully by {5151}."}
{"level":"INFO","time":"2024-12-07T19:08:20.995Z","pid":16460,"hostname":"DESKTOP-21V6PGQ","service":"articles","msg":"createArticle: New Article with title {Advancements in AI} created successfully"}
{"level":"INFO","time":"2024-12-07T19:09:14.740Z","pid":16460,"hostname":"DESKTOP-21V6PGQ","service":"articles","msg":"deleteArticle: Article {43c94759-0026-4577-b4bf-4cd2a3e5d8bb} deleted successfully by {5151}."}
{"level":"INFO","time":"2024-12-21T18:42:15.142Z","pid":16176,"hostname":"DESKTOP-21V6PGQ","service":"articles","msg":"createArticle: New Article with title {da} created successfully"}
{"level":"INFO","time":"2024-12-22T11:53:53.314Z","pid":12156,"hostname":"DESKTOP-21V6PGQ","service":"articles","msg":"createArticle: New Article with title {ترامب قد يطلب من بنما تسليم القناة} created successfully"}
{"level":"INFO","time":"2024-12-22T12:17:38.576Z","pid":12156,"hostname":"DESKTOP-21V6PGQ","service":"articles","msg":"updateArticle: Article {5a3021a7-feb3-4a69-9ebd-38a3fb5dc73a} updated successfully by {5151}."}
{"level":"INFO","time":"2024-12-22T12:18:08.156Z","pid":12156,"hostname":"DESKTOP-21V6PGQ","service":"articles","msg":"updateArticle: Article {5a3021a7-feb3-4a69-9ebd-38a3fb5dc73a} updated successfully by {5151}."}
{"level":"INFO","time":"2024-12-22T12:18:19.156Z","pid":12156,"hostname":"DESKTOP-21V6PGQ","service":"articles","msg":"updateArticle: Article {5a3021a7-feb3-4a69-9ebd-38a3fb5dc73a} updated successfully by {5151}."}
{"level":"INFO","time":"2024-12-22T12:18:42.045Z","pid":12156,"hostname":"DESKTOP-21V6PGQ","service":"articles","msg":"updateArticle: Article {5a3021a7-feb3-4a69-9ebd-38a3fb5dc73a} updated successfully by {5151}."}
{"level":"INFO","time":"2024-12-22T12:18:46.369Z","pid":12156,"hostname":"DESKTOP-21V6PGQ","service":"articles","msg":"updateArticle: Article {5a3021a7-feb3-4a69-9ebd-38a3fb5dc73a} updated successfully by {5151}."}
{"level":"INFO","time":"2024-12-24T18:06:12.183Z","pid":3904,"hostname":"DESKTOP-21V6PGQ","service":"articles","msg":"createArticle: New Article with title {رابطة معتقلي صيدنايا: أكثر من 4 آلاف عائلة تبحث عن مصير أبنائها} created successfully"}
{"level":"INFO","time":"2024-12-24T18:06:52.045Z","pid":3904,"hostname":"DESKTOP-21V6PGQ","service":"articles","msg":"createArticle: New Article with title {رابطة معتقلي صيدنايا: أكثر من 4 آلاف عائلة تبحث عن مصير أبنائها 1} created successfully"}
{"level":"INFO","time":"2024-12-24T18:07:02.429Z","pid":3904,"hostname":"DESKTOP-21V6PGQ","service":"articles","msg":"createArticle: New Article with title {رابطة معتقلي صيدنايا: أكثر من 4 آلاف عائلة تبحث عن مصير أبنائها 3} created successfully"}
{"level":"INFO","time":"2024-12-24T18:07:10.759Z","pid":3904,"hostname":"DESKTOP-21V6PGQ","service":"articles","msg":"createArticle: New Article with title {رابطة معتقلي صيدنايا: أكثر من 4 آلاف عائلة تبحث عن مصير أبنائها 4} created successfully"}
{"level":"INFO","time":"2024-12-24T18:07:21.061Z","pid":3904,"hostname":"DESKTOP-21V6PGQ","service":"articles","msg":"createArticle: New Article with title {رابطة معتقلي صيدنايا: أكثر من 4 آلاف عائلة تبحث عن مصير أبنائها 5} created successfully"}
{"level":"INFO","time":"2024-12-24T18:07:31.301Z","pid":3904,"hostname":"DESKTOP-21V6PGQ","service":"articles","msg":"createArticle: New Article with title {رابطة معتقلي صيدنايا: أكثر من 4 آلاف عائلة تبحث عن مصير أبنائها 6} created successfully"}
{"level":"INFO","time":"2024-12-24T18:07:46.067Z","pid":3904,"hostname":"DESKTOP-21V6PGQ","service":"articles","msg":"createArticle: New Article with title {رابطة معتقلي صيدنايا: أكثر من 4 آلاف عائلة تبحث عن مصير أبنائها 7} created successfully"}
{"level":"INFO","time":"2024-12-24T18:07:57.946Z","pid":3904,"hostname":"DESKTOP-21V6PGQ","service":"articles","msg":"createArticle: New Article with title {رابطة معتقلي صيدنايا: أكثر من 4 آلاف عائلة تبحث عن مصير أبنائها 8} created successfully"}
{"level":"INFO","time":"2024-12-24T18:08:08.373Z","pid":3904,"hostname":"DESKTOP-21V6PGQ","service":"articles","msg":"createArticle: New Article with title {رابطة معتقلي صيدنايا: أكثر من 4 آلاف عائلة تبحث عن مصير أبنائها 9} created successfully"}
{"level":"INFO","time":"2024-12-24T18:08:16.876Z","pid":3904,"hostname":"DESKTOP-21V6PGQ","service":"articles","msg":"createArticle: New Article with title {رابطة معتقلي صيدنايا: أكثر من 4 آلاف عائلة تبحث عن مصير أبنائها 10} created successfully"}
{"level":"INFO","time":"2024-12-24T18:08:25.717Z","pid":3904,"hostname":"DESKTOP-21V6PGQ","service":"articles","msg":"createArticle: New Article with title {رابطة معتقلي صيدنايا: أكثر من 4 آلاف عائلة تبحث عن مصير أبنائها 11} created successfully"}
{"level":"INFO","time":"2024-12-24T18:08:37.475Z","pid":3904,"hostname":"DESKTOP-21V6PGQ","service":"articles","msg":"createArticle: New Article with title {رابطة معتقلي صيدنايا: أكثر من 4 آلاف عائلة تبحث عن مصير أبنائها 12} created successfully"}
{"level":"INFO","time":"2024-12-24T18:08:50.079Z","pid":3904,"hostname":"DESKTOP-21V6PGQ","service":"articles","msg":"createArticle: New Article with title {رابطة معتقلي صيدنايا: أكثر من 4 آلاف عائلة تبحث عن مصير أبنائها 13} created successfully"}
{"level":"INFO","time":"2025-01-22T14:27:04.503Z","pid":16824,"hostname":"DESKTOP-21V6PGQ","service":"articles","msg":"updateArticle: Article {bc405a18-e8e1-43de-ae4b-2b342ae28fb3} updated successfully by {5151}."}
{"level":"INFO","time":"2025-01-23T12:58:36.788Z","pid":8988,"hostname":"DESKTOP-21V6PGQ","service":"articles","msg":"createArticle: New Article with title {test} created successfully"}
{"level":"INFO","time":"2025-01-23T12:59:25.613Z","pid":8988,"hostname":"DESKTOP-21V6PGQ","service":"articles","msg":"deleteArticle: Article {b849edce-32c5-414d-99be-fb018b18b1c0} deleted successfully by {5151}."}
{"level":"INFO","time":"2025-01-23T18:46:03.601Z","pid":2712,"hostname":"DESKTOP-21V6PGQ","service":"articles","msg":"createArticle: New Article with title {test} created successfully"}
{"level":"INFO","time":"2025-01-23T18:47:47.781Z","pid":2712,"hostname":"DESKTOP-21V6PGQ","service":"articles","msg":"updateArticle: Article {ebb71a72-7613-4483-9c4c-0e7e16748411} updated successfully by {5151}."}
{"level":"INFO","time":"2025-01-23T18:48:06.628Z","pid":2712,"hostname":"DESKTOP-21V6PGQ","service":"articles","msg":"deleteArticle: Article {ebb71a72-7613-4483-9c4c-0e7e16748411} deleted successfully by {5151}."}
{"level":"INFO","time":"2025-02-10T06:22:46.943Z","pid":9528,"hostname":"DESKTOP-21V6PGQ","service":"articles","msg":"createArticle: New Article with title {test Article my shiref mohammed college account} created successfully"}
{"level":"INFO","time":"2025-02-10T14:34:22.538Z","pid":14064,"hostname":"DESKTOP-21V6PGQ","service":"articles","msg":"deleteArticle: Article {882fa277-fa12-4798-8a45-c4d886b470e0} deleted successfully by {5151}."}
{"level":"INFO","time":"2025-02-10T14:50:34.022Z","pid":14064,"hostname":"DESKTOP-21V6PGQ","service":"articles","msg":"createArticle: New Article with title {test article from Shiref_Mohammed_Author} created successfully"}
{"level":"INFO","time":"2025-02-10T14:51:47.909Z","pid":14064,"hostname":"DESKTOP-21V6PGQ","service":"articles","msg":"updateArticle: Article {d2ad28f5-c766-4217-a85f-0866c2788f52} updated successfully by {5150}."}
{"level":"INFO","time":"2025-02-10T19:26:21.249Z","pid":14788,"hostname":"DESKTOP-21V6PGQ","service":"articles","msg":"createArticle: New Article with title {رسلاءراش} created successfully"}
{"level":"INFO","time":"2025-02-10T19:27:01.972Z","pid":14788,"hostname":"DESKTOP-21V6PGQ","service":"articles","msg":"deleteArticle: Article {1efa46f0-398d-4f63-a5fc-48f41c5465bd} deleted successfully by {5151}."}
{"level":"INFO","time":"2025-02-12T11:55:55.645Z","pid":6400,"hostname":"DESKTOP-21V6PGQ","service":"articles","msg":"createArticle: New Article with title {test} created successfully"}
{"level":"INFO","time":"2025-03-06T12:04:56.288Z","pid":4868,"hostname":"DESKTOP-21V6PGQ","service":"articles","msg":"createArticle: New Article with title {أقيمت فعالياتها باستعراض الجيوش والأساطيل الحربية وتزيين المدن وعروض المسرح الساخر.. احتفالات النصر في التاريخ الإسلامي} created successfully"}
