{"level":"INFO","time":"2024-12-06T18:16:01.642Z","pid":22024,"hostname":"DESKTOP-21V6PGQ","service":"categories","msg":"createCategory: New Category with title {Technology} created successfully"}
{"level":"INFO","time":"2024-12-06T18:27:25.308Z","pid":22680,"hostname":"DESKTOP-21V6PGQ","service":"categories","msg":"updateCategory: Category with id {8a303c94-3114-4df6-a510-4737eff1d0a9} updated successfully"}
{"level":"INFO","time":"2024-12-06T18:35:19.474Z","pid":22680,"hostname":"DESKTOP-21V6PGQ","service":"categories","msg":"deleteCategory: Category with id {8a303c94-3114-4df6-a510-4737eff1d0a9} deleted successfully"}
{"level":"INFO","time":"2024-12-06T19:50:38.549Z","pid":13404,"hostname":"DESKTOP-21V6PGQ","service":"categories","msg":"createCategory: New Category with title {Technology} created successfully"}
{"level":"INFO","time":"2024-12-18T12:08:44.845Z","pid":8708,"hostname":"DESKTOP-21V6PGQ","service":"categories","msg":"createCategory: New Category with title {Technology} created successfully"}
{"level":"INFO","time":"2024-12-18T12:09:47.161Z","pid":8708,"hostname":"DESKTOP-21V6PGQ","service":"categories","msg":"updateCategory: Category with id {0f6bdafe-fe4e-4980-a3ba-1e7c2a50f7a3} updated successfully"}
{"level":"INFO","time":"2024-12-18T12:15:28.314Z","pid":8708,"hostname":"DESKTOP-21V6PGQ","service":"categories","msg":"createCategory: New Category with title {News} created successfully"}
{"level":"INFO","time":"2024-12-18T12:23:28.263Z","pid":8708,"hostname":"DESKTOP-21V6PGQ","service":"categories","msg":"createCategory: New Category with title {Health} created successfully"}
{"level":"INFO","time":"2024-12-18T12:23:43.411Z","pid":8708,"hostname":"DESKTOP-21V6PGQ","service":"categories","msg":"updateCategory: Category with id {f8386a7f-60e8-493d-8f9e-28ea25ce0771} updated successfully"}
{"level":"INFO","time":"2024-12-18T12:23:54.098Z","pid":8708,"hostname":"DESKTOP-21V6PGQ","service":"categories","msg":"deleteCategory: Category with id {f8386a7f-60e8-493d-8f9e-28ea25ce0771} deleted successfully"}
{"level":"INFO","time":"2024-12-18T12:24:04.536Z","pid":8708,"hostname":"DESKTOP-21V6PGQ","service":"categories","msg":"deleteCategory: Category with id {cbb284c8-9c04-416b-9c63-fb7934a77753} deleted successfully"}
{"level":"INFO","time":"2024-12-18T12:24:08.509Z","pid":8708,"hostname":"DESKTOP-21V6PGQ","service":"categories","msg":"deleteCategory: Category with id {0f6bdafe-fe4e-4980-a3ba-1e7c2a50f7a3} deleted successfully"}
{"level":"INFO","time":"2024-12-18T12:24:15.620Z","pid":8708,"hostname":"DESKTOP-21V6PGQ","service":"categories","msg":"createCategory: New Category with title {News} created successfully"}
{"level":"INFO","time":"2024-12-18T12:24:19.951Z","pid":8708,"hostname":"DESKTOP-21V6PGQ","service":"categories","msg":"createCategory: New Category with title {War} created successfully"}
{"level":"INFO","time":"2024-12-18T12:24:32.578Z","pid":8708,"hostname":"DESKTOP-21V6PGQ","service":"categories","msg":"createCategory: New Category with title {Technologies} created successfully"}
{"level":"INFO","time":"2024-12-18T12:24:44.620Z","pid":8708,"hostname":"DESKTOP-21V6PGQ","service":"categories","msg":"updateCategory: Category with id {997954eb-b551-4372-8d0e-f3e57e465d35} updated successfully"}
{"level":"INFO","time":"2024-12-20T17:24:07.522Z","pid":7936,"hostname":"DESKTOP-21V6PGQ","service":"categories","msg":"updateCategory: Category with id {997954eb-b551-4372-8d0e-f3e57e465d35} updated successfully"}
{"level":"INFO","time":"2024-12-20T17:24:14.053Z","pid":7936,"hostname":"DESKTOP-21V6PGQ","service":"categories","msg":"updateCategory: Category with id {997954eb-b551-4372-8d0e-f3e57e465d35} updated successfully"}
{"level":"INFO","time":"2024-12-20T17:24:24.337Z","pid":7936,"hostname":"DESKTOP-21V6PGQ","service":"categories","msg":"updateCategory: Category with id {997954eb-b551-4372-8d0e-f3e57e465d35} updated successfully"}
{"level":"INFO","time":"2024-12-20T17:24:29.950Z","pid":7936,"hostname":"DESKTOP-21V6PGQ","service":"categories","msg":"updateCategory: Category with id {997954eb-b551-4372-8d0e-f3e57e465d35} updated successfully"}
{"level":"INFO","time":"2025-01-22T12:33:00.609Z","pid":11444,"hostname":"DESKTOP-21V6PGQ","service":"categories","msg":"createCategory: New Category with title {test} created successfully"}
{"level":"INFO","time":"2025-01-22T12:33:07.160Z","pid":11444,"hostname":"DESKTOP-21V6PGQ","service":"categories","msg":"updateCategory: Category with id {2467e4f6-265f-4fe4-98ec-7b0d86e11e3e} updated successfully"}
{"level":"INFO","time":"2025-01-22T12:33:16.982Z","pid":11444,"hostname":"DESKTOP-21V6PGQ","service":"categories","msg":"deleteCategory: Category with id {2467e4f6-265f-4fe4-98ec-7b0d86e11e3e} deleted successfully"}
