{"level":"INFO","time":"2024-12-04T18:44:44.839Z","pid":2852,"hostname":"DESKTOP-21V6PGQ","service":"users","msg":"cleanupUnverifiedUsers: Unverified users older than 1 day deleted successfully."}
{"level":"INFO","time":"2024-12-04T18:48:19.025Z","pid":2852,"hostname":"DESKTOP-21V6PGQ","service":"users","msg":"deleteUser: Request to delete user with ID {311cee33-0945-4205-9841-873f5f5777c5} by {311cee33-0945-4205-9841-873f5f5777c6} (5151)"}
{"level":"INFO","time":"2024-12-04T18:48:32.485Z","pid":2852,"hostname":"DESKTOP-21V6PGQ","service":"users","msg":"deleteUser: Request to delete user with ID {311cee33-0945-4205-9841-873f5f5777c5} by {311cee33-0945-4205-9841-873f5f5777c6} (5151)"}
{"level":"INFO","time":"2024-12-04T18:49:17.371Z","pid":2852,"hostname":"DESKTOP-21V6PGQ","service":"users","msg":"deleteUser: Request to delete user with ID {311cee33-0945-4205-9841-873f5f5777c6} by {311cee33-0945-4205-9841-873f5f5777c6} (5151)"}
{"level":"WARN","time":"2024-12-04T18:49:17.373Z","pid":2852,"hostname":"DESKTOP-21V6PGQ","service":"users","msg":"deleteUser: Attempt to delete admin account {311cee33-0945-4205-9841-873f5f5777c6}"}
{"level":"INFO","time":"2024-12-04T18:49:36.295Z","pid":2852,"hostname":"DESKTOP-21V6PGQ","service":"users","msg":"updateUserDetails: User with ID {311cee33-0945-4205-9841-873f5f5777c6} updated successfully"}
{"level":"WARN","time":"2024-12-04T18:51:36.974Z","pid":2852,"hostname":"DESKTOP-21V6PGQ","service":"users","msg":"updateUserPassword: Wrong old password while updating password attempt on {311cee33-0945-4205-9841-873f5f5777c6}"}
{"level":"INFO","time":"2024-12-04T18:51:51.973Z","pid":2852,"hostname":"DESKTOP-21V6PGQ","service":"users","msg":"updateUserPassword: Password updated successfully for {311cee33-0945-4205-9841-873f5f5777c6}"}
{"level":"INFO","time":"2024-12-04T18:52:33.389Z","pid":2852,"hostname":"DESKTOP-21V6PGQ","service":"users","msg":"updateUserAvatar: Avatar updated successfully for user {311cee33-0945-4205-9841-873f5f5777c6}"}
{"level":"INFO","time":"2024-12-04T19:07:43.766Z","pid":2824,"hostname":"DESKTOP-21V6PGQ","service":"users","msg":"updateUserRole: User {61ce6721-ceef-482e-b815-7efc80d3fa98} upgraded to author"}
{"level":"INFO","time":"2024-12-04T19:08:46.407Z","pid":2824,"hostname":"DESKTOP-21V6PGQ","service":"users","msg":"updateUserRole: Author {61ce6721-ceef-482e-b815-7efc80d3fa98} downgraded to user"}
{"level":"INFO","time":"2024-12-04T19:09:55.886Z","pid":2824,"hostname":"DESKTOP-21V6PGQ","service":"users","msg":"deleteUser: Request to delete user with ID {61ce6721-ceef-482e-b815-7efc80d3fa98} by {311cee33-0945-4205-9841-873f5f5777c6} (5151)"}
{"level":"INFO","time":"2024-12-04T19:09:55.911Z","pid":2824,"hostname":"DESKTOP-21V6PGQ","service":"users","msg":"deleteUser: User with ID {61ce6721-ceef-482e-b815-7efc80d3fa98} deleted successfully"}
{"level":"INFO","time":"2024-12-04T19:56:47.620Z","pid":16712,"hostname":"DESKTOP-21V6PGQ","service":"users","msg":"updateUserRole: User {876ff6c0-06be-4296-9446-25f0c8825e11} upgraded to author"}
{"level":"INFO","time":"2024-12-11T21:07:50.231Z","pid":25520,"hostname":"DESKTOP-21V6PGQ","service":"users","msg":"cleanupUnverifiedUsers: Unverified users older than 1 day deleted successfully."}
{"level":"WARN","time":"2024-12-11T21:12:38.113Z","pid":16404,"hostname":"DESKTOP-21V6PGQ","service":"users","msg":"updateUserDetails: Unauthorized update attempt by {f5480592-146b-46cc-9e13-543d3810e27a} on {5480592-146b-46cc-9e13-543d3810e27a}"}
{"level":"WARN","time":"2024-12-11T21:13:00.063Z","pid":16404,"hostname":"DESKTOP-21V6PGQ","service":"users","msg":"updateUserDetails: Unauthorized update attempt by {f5480592-146b-46cc-9e13-543d3810e27a} on {5480592-146b-46cc-9e13-543d3810e27a}"}
{"level":"WARN","time":"2024-12-11T21:13:20.649Z","pid":16404,"hostname":"DESKTOP-21V6PGQ","service":"users","msg":"updateUserDetails: Unauthorized update attempt by {f5480592-146b-46cc-9e13-543d3810e27a} on {5480592-146b-46cc-9e13-543d3810e27a}"}
{"level":"WARN","time":"2024-12-11T21:15:15.098Z","pid":26604,"hostname":"DESKTOP-21V6PGQ","service":"users","msg":"updateUserDetails: Unauthorized update attempt by {f5480592-146b-46cc-9e13-543d3810e27a} on {5480592-146b-46cc-9e13-543d3810e27a}"}
{"level":"INFO","time":"2024-12-11T21:15:51.753Z","pid":26604,"hostname":"DESKTOP-21V6PGQ","service":"users","msg":"updateUserDetails: User with ID {f5480592-146b-46cc-9e13-543d3810e27a} updated successfully"}
{"level":"INFO","time":"2024-12-11T21:17:06.592Z","pid":21788,"hostname":"DESKTOP-21V6PGQ","service":"users","msg":"updateUserRole: User {f5480592-146b-46cc-9e13-543d3810e27a} upgraded to author"}
{"level":"INFO","time":"2024-12-11T21:18:13.960Z","pid":21788,"hostname":"DESKTOP-21V6PGQ","service":"users","msg":"updateUserPassword: Password updated successfully for {f5480592-146b-46cc-9e13-543d3810e27a}"}
{"level":"WARN","time":"2024-12-11T21:18:45.774Z","pid":21788,"hostname":"DESKTOP-21V6PGQ","service":"users","msg":"updateUserAvatar: Avatar {https://example.com/new-avatar.jpg} not found in media storage for user {f5480592-146b-46cc-9e13-543d3810e27a}"}
{"level":"INFO","time":"2024-12-11T21:32:45.999Z","pid":8580,"hostname":"DESKTOP-21V6PGQ","service":"users","msg":"deleteUser: Request to delete user with ID {f5480592-146b-46cc-9e13-543d3810e27a} by {992a32c0-06ce-4e0c-b049-24114f614fe2} (5151)"}
{"level":"INFO","time":"2024-12-11T21:32:46.054Z","pid":8580,"hostname":"DESKTOP-21V6PGQ","service":"users","msg":"deleteUser: User with ID {f5480592-146b-46cc-9e13-543d3810e27a} deleted successfully"}
{"level":"INFO","time":"2024-12-11T21:33:28.930Z","pid":8580,"hostname":"DESKTOP-21V6PGQ","service":"users","msg":"deleteUser: Request to delete user with ID {992a32c0-06ce-4e0c-b049-24114f614fe2} by {992a32c0-06ce-4e0c-b049-24114f614fe2} (5151)"}
{"level":"WARN","time":"2024-12-11T21:33:28.931Z","pid":8580,"hostname":"DESKTOP-21V6PGQ","service":"users","msg":"deleteUser: Attempt to delete admin account {992a32c0-06ce-4e0c-b049-24114f614fe2}"}
{"level":"INFO","time":"2024-12-11T21:33:41.809Z","pid":8580,"hostname":"DESKTOP-21V6PGQ","service":"users","msg":"deleteUser: Request to delete user with ID {992a32c0-06ce-4e0c-b049-24114f614fe2} by {992a32c0-06ce-4e0c-b049-24114f614fe2} (5151)"}
{"level":"INFO","time":"2024-12-11T21:33:41.825Z","pid":8580,"hostname":"DESKTOP-21V6PGQ","service":"users","msg":"deleteUser: User with ID {992a32c0-06ce-4e0c-b049-24114f614fe2} deleted successfully"}
{"level":"INFO","time":"2024-12-18T05:58:33.675Z","pid":6992,"hostname":"DESKTOP-21V6PGQ","service":"users","msg":"deleteUser: Request to delete user with ID {a870e6eb-6933-4b62-80b3-5aa4c8947058} by {30b101d3-d6f9-4077-8439-c78da261a30d} (5151)"}
{"level":"INFO","time":"2024-12-18T05:58:33.768Z","pid":6992,"hostname":"DESKTOP-21V6PGQ","service":"users","msg":"deleteUser: User with ID {a870e6eb-6933-4b62-80b3-5aa4c8947058} deleted successfully"}
{"level":"INFO","time":"2024-12-20T12:01:27.507Z","pid":26528,"hostname":"DESKTOP-21V6PGQ","service":"users","msg":"updateUserRole: User {a6c6a4c1-e549-4a52-8ffa-76504749ac89} upgraded to author"}
{"level":"INFO","time":"2024-12-20T12:15:54.469Z","pid":26528,"hostname":"DESKTOP-21V6PGQ","service":"users","msg":"updateUserRole: Author {a6c6a4c1-e549-4a52-8ffa-76504749ac89} downgraded to user"}
{"level":"INFO","time":"2024-12-20T12:16:06.237Z","pid":26528,"hostname":"DESKTOP-21V6PGQ","service":"users","msg":"updateUserRole: User {a6c6a4c1-e549-4a52-8ffa-76504749ac89} upgraded to author"}
{"level":"INFO","time":"2024-12-20T18:02:22.561Z","pid":7936,"hostname":"DESKTOP-21V6PGQ","service":"users","msg":"updateUserRole: Author {a6c6a4c1-e549-4a52-8ffa-76504749ac89} downgraded to user"}
{"level":"INFO","time":"2024-12-20T18:03:03.813Z","pid":7936,"hostname":"DESKTOP-21V6PGQ","service":"users","msg":"updateUserRole: User {a6c6a4c1-e549-4a52-8ffa-76504749ac89} upgraded to author"}
{"level":"INFO","time":"2024-12-20T18:03:16.180Z","pid":7936,"hostname":"DESKTOP-21V6PGQ","service":"users","msg":"updateUserRole: Author {a6c6a4c1-e549-4a52-8ffa-76504749ac89} downgraded to user"}
{"level":"INFO","time":"2024-12-20T18:03:22.489Z","pid":7936,"hostname":"DESKTOP-21V6PGQ","service":"users","msg":"updateUserRole: User {a6c6a4c1-e549-4a52-8ffa-76504749ac89} upgraded to author"}
{"level":"INFO","time":"2024-12-20T18:41:24.044Z","pid":7936,"hostname":"DESKTOP-21V6PGQ","service":"users","msg":"updateUserRole: Author {c5c8baa8-f517-43fc-b40e-742dd8ecaee8} downgraded to user"}
{"level":"INFO","time":"2024-12-20T18:41:31.987Z","pid":7936,"hostname":"DESKTOP-21V6PGQ","service":"users","msg":"updateUserRole: User {c5c8baa8-f517-43fc-b40e-742dd8ecaee8} upgraded to author"}
{"level":"INFO","time":"2024-12-29T12:27:23.390Z","pid":14040,"hostname":"DESKTOP-21V6PGQ","service":"users","msg":"deleteUser: Request to delete user with ID {30b101d3-d6f9-4077-8439-c78da261a30d} by {30b101d3-d6f9-4077-8439-c78da261a30d} (5151)"}
{"level":"WARN","time":"2024-12-29T12:27:23.392Z","pid":14040,"hostname":"DESKTOP-21V6PGQ","service":"users","msg":"deleteUser: Attempt to delete admin account {30b101d3-d6f9-4077-8439-c78da261a30d}"}
{"level":"INFO","time":"2024-12-29T12:28:13.199Z","pid":14040,"hostname":"DESKTOP-21V6PGQ","service":"users","msg":"deleteUser: Request to delete user with ID {30b101d3-d6f9-4077-8439-c78da261a30d} by {30b101d3-d6f9-4077-8439-c78da261a30d} (5151)"}
{"level":"WARN","time":"2024-12-29T12:28:13.200Z","pid":14040,"hostname":"DESKTOP-21V6PGQ","service":"users","msg":"deleteUser: Attempt to delete admin account {30b101d3-d6f9-4077-8439-c78da261a30d}"}
{"level":"INFO","time":"2024-12-29T12:28:29.496Z","pid":14040,"hostname":"DESKTOP-21V6PGQ","service":"users","msg":"deleteUser: Request to delete user with ID {30b101d3-d6f9-4077-8439-c78da261a30d} by {30b101d3-d6f9-4077-8439-c78da261a30d} (5151)"}
{"level":"WARN","time":"2024-12-29T12:28:29.497Z","pid":14040,"hostname":"DESKTOP-21V6PGQ","service":"users","msg":"deleteUser: Attempt to delete admin account {30b101d3-d6f9-4077-8439-c78da261a30d}"}
{"level":"INFO","time":"2025-01-22T12:04:33.561Z","pid":11444,"hostname":"DESKTOP-21V6PGQ","service":"users","msg":"updateUserAvatar: Avatar updated successfully for user {30b101d3-d6f9-4077-8439-c78da261a30d}"}
{"level":"INFO","time":"2025-01-22T14:02:16.026Z","pid":16824,"hostname":"DESKTOP-21V6PGQ","service":"users","msg":"updateUserAvatar: Deleting old avatar {https://res.cloudinary.com/dtw6e1hhh/image/upload/v1737547473/FactEcho/xe9aw4e9dcnrjaedthvw.jpg} from Cloudinary for user {30b101d3-d6f9-4077-8439-c78da261a30d}"}
{"level":"INFO","time":"2025-01-22T14:02:16.514Z","pid":16824,"hostname":"DESKTOP-21V6PGQ","service":"users","msg":"updateUserAvatar: Avatar updated successfully for user {30b101d3-d6f9-4077-8439-c78da261a30d}"}
{"level":"INFO","time":"2025-01-22T14:04:43.932Z","pid":16824,"hostname":"DESKTOP-21V6PGQ","service":"users","msg":"updateUserAvatar: Deleting old avatar {https://res.cloudinary.com/dtw6e1hhh/image/upload/v1737554537/FactEcho/ad3gxrcw2395oeoaqmzh.png} from Cloudinary for user {30b101d3-d6f9-4077-8439-c78da261a30d}"}
{"level":"INFO","time":"2025-01-22T14:04:44.381Z","pid":16824,"hostname":"DESKTOP-21V6PGQ","service":"users","msg":"updateUserAvatar: Avatar updated successfully for user {30b101d3-d6f9-4077-8439-c78da261a30d}"}
{"level":"INFO","time":"2025-01-22T14:05:03.834Z","pid":16824,"hostname":"DESKTOP-21V6PGQ","service":"users","msg":"deleteUser: Request to delete user with ID {30b101d3-d6f9-4077-8439-c78da261a30d} by {30b101d3-d6f9-4077-8439-c78da261a30d} (5151)"}
{"level":"WARN","time":"2025-01-22T14:05:03.836Z","pid":16824,"hostname":"DESKTOP-21V6PGQ","service":"users","msg":"deleteUser: Attempt to delete admin account {30b101d3-d6f9-4077-8439-c78da261a30d}"}
